ccSocial/build/app/outputs/mapping/release/seeds.txt
com.example.ccSocial.MainActivity
com.example.ccSocial.MainActivity: MainActivity()
...
io.flutter.plugin.editing.ImeSyncDeferringInsetsCallback: int overlayInsetTypes
io.flutter.embedding.engine.systemchannels.PlatformChannel$HapticFeedbackType: io.flutter.embedding.engine.systemchannels.PlatformChannel$HapticFeedbackType valueOf(java.lang.String)
io.flutter.embedding.engine.FlutterJNI: io.flutter.embedding.engine.FlutterJNI$AsyncWaitForVsyncDelegate asyncWaitForVsyncDelegate
io.flutter.view.AccessibilityViewEmbedder: java.lang.Integer getRecordFlutterId(android.view.View,android.view.accessibility.AccessibilityRecord)
io.flutter.plugins.GeneratedPluginRegistrant: void registerWith(io.flutter.embedding.engine.FlutterEngine)
io.flutter.embedding.android.FlutterSplashView$SavedState: java.lang.String access$600(io.flutter.embedding.android.FlutterSplashView$SavedState)
io.flutter.embedding.engine.FlutterJNI: void invokePlatformMessageEmptyResponseCallback(int)
io.flutter.plugin.editing.ImeSyncDeferringInsetsCallback: boolean needsSave
io.flutter.embedding.engine.FlutterJNI: void addIsDisplayingFlutterUiListener(io.flutter.embedding.engine.renderer.FlutterUiDisplayListener)
io.flutter.embedding.engine.FlutterJNI: void unregisterTexture(long)
io.flutter.view.AccessibilityBridge$TextDirection: io.flutter.view.AccessibilityBridge$TextDirection valueOf(java.lang.String)
io.flutter.plugin.editing.ImeSyncDeferringInsetsCallback: void remove()
io.flutter.embedding.engine.FlutterJNI: java.util.Set flutterUiDisplayListeners
io.flutter.view.AccessibilityBridge$AccessibilityFeature: io.flutter.view.AccessibilityBridge$AccessibilityFeature[] values()
io.flutter.embedding.engine.FlutterJNI: void dispatchSemanticsAction(int,io.flutter.view.AccessibilityBridge$Action,java.lang.Object)
io.flutter.view.FlutterCallbackInformation: java.lang.String callbackName
io.flutter.embedding.engine.FlutterJNI: void nativeDestroy(long)
androidx.activity.ComponentActivity$3
io.flutter.plugin.editing.ImeSyncDeferringInsetsCallback: void onEnd(android.view.WindowInsetsAnimation)
io.flutter.embedding.android.FlutterSurfaceView: io.flutter.embedding.engine.renderer.FlutterRenderer getAttachedRenderer()
io.flutter.embedding.engine.FlutterJNI: void nativeRunBundleAndSnapshotFromLibrary(long,java.lang.String,java.lang.String,java.lang.String,android.content.res.AssetManager)
androidx.lifecycle.SingleGeneratedAdapterObserver
io.flutter.embedding.engine.FlutterJNI: boolean nativeFlutterTextUtilsIsRegionalIndicator(int)
io.flutter.embedding.engine.FlutterJNI: java.util.Set engineLifecycleListeners
io.flutter.embedding.engine.FlutterJNI: void onSurfaceCreated(android.view.Surface)
io.flutter.embedding.engine.FlutterJNI: void ensureNotAttachedToNative()
androidx.lifecycle.FullLifecycleObserverAdapter
io.flutter.embedding.engine.FlutterJNI: void setLocalizationPlugin(io.flutter.plugin.localization.LocalizationPlugin)
io.flutter.view.FlutterCallbackInformation
io.flutter.embedding.engine.FlutterJNI: io.flutter.embedding.engine.dart.PlatformMessageHandler platformMessageHandler
io.flutter.view.FlutterCallbackInformation: io.flutter.view.FlutterCallbackInformation lookupCallbackInformation(long)
io.flutter.view.AccessibilityViewEmbedder: void addChildrenToFlutterNode(android.view.accessibility.AccessibilityNodeInfo,android.view.View,android.view.accessibility.AccessibilityNodeInfo)
io.flutter.embedding.engine.FlutterJNI: void nativeDispatchPlatformMessage(long,java.lang.String,java.nio.ByteBuffer,int,int)
io.flutter.embedding.engine.FlutterJNI: void setAccessibilityFeatures(int)
io.flutter.embedding.engine.FlutterJNI: io.flutter.plugin.localization.LocalizationPlugin localizationPlugin
androidx.lifecycle.Lifecycle$Event: androidx.lifecycle.Lifecycle$Event ON_PAUSE
io.flutter.embedding.engine.FlutterJNI: void nativeInvokePlatformMessageResponseCallback(long,int,java.nio.ByteBuffer,int)
io.flutter.embedding.engine.FlutterJNI: void nativeRegisterTexture(long,long,android.graphics.SurfaceTexture)