ccSocial/build/app/outputs/mapping/release/usage.txt
com.example.ccSocial.R
com.example.ccSocial.R$integer
com.example.ccSocial.R$mipmap
com.example.ccSocial.R$style
com.example.ccSocial.R$string
com.example.ccSocial.R$dimen
com.example.ccSocial.R$attr
com.example.ccSocial.R$layout
com.example.ccSocial.R$drawable
com.example.ccSocial.BuildConfig
com.example.ccSocial.R$color
com.example.ccSocial.R$id
com.example.ccSocial.R$styleable
...
io.flutter.plugins.pathprovider.R$layout
kotlin.ExceptionsKt
com.google.common.base.PatternCompiler
com.google.common.graph.ForwardingGraph
kotlin.coroutines.CoroutineContext$plus$1
androidx.core.net.ConnectivityManagerCompat$RestrictBackgroundStatus
com.google.common.collect.FilteredEntryMultimap$Keys
com.google.common.util.concurrent.RateLimiter$SleepingStopwatch$1
kotlin.time.DurationUnitKt
com.google.common.io.BaseEncoding$SeparatedBaseEncoding
com.google.common.primitives.SignedBytes$LexicographicalComparator
androidx.versionedparcelable.VersionedParcelize
androidx.fragment.app.FragmentTransitionCompat21$3
kotlin.ranges.ClosedRange
androidx.lifecycle.DefaultLifecycleObserver
kotlin.sequences.TransformingSequence
com.google.common.collect.AbstractRangeSet
com.google.common.xml.XmlEscapers
com.google.common.collect.RegularImmutableTable$CellSet
com.google.common.collect.Sets$CartesianSet
io.flutter.embedding.android.FlutterTextureView:
    private static final java.lang.String TAG
com.google.common.collect.RegularImmutableMap$EntrySet$1
com.google.common.collect.CompactHashSet$1
com.google.common.escape.CharEscaper
androidx.lifecycle.ViewModelProvider$NewInstanceFactory
kotlin.jvm.internal.markers.KMutableIterable
androidx.lifecycle.ViewModelProvider
com.google.common.collect.Sets$5
com.google.common.collect.ImmutableEnumSet$EnumSerializedForm
com.google.common.util.concurrent.Service
com.google.common.collect.RegularImmutableAsList
androidx.loader.app.LoaderManagerImpl
kotlin.text.CharDirectionality$Companion$directionalityMap$2
androidx.loader.app.LoaderManager
com.google.common.collect.Collections2
androidx.fragment.app.FragmentTransition$4
androidx.core.provider.SelfDestructiveThread$2
androidx.loader.R$integer
androidx.core.graphics.TypefaceCompatApi26Impl
androidx.core.view.DragStartHelper$2
kotlin.collections.CollectionsKt__IteratorsKt
androidx.arch.core.util.Function
kotlin.UByteArray$Iterator
io.flutter.view.FlutterNativeView$1
com.google.common.util.concurrent.Striped$PaddedSemaphore
kotlin.sequences.SequencesKt___SequencesKt$requireNoNulls$1
kotlin.comparisons.ComparisonsKt__ComparisonsKt$nullsFirst$1
org.intellij.lang.annotations.JdkConstants$CursorType
androidx.annotation.RequiresPermission$Write
com.google.common.hash.MessageDigestHashFunction$MessageDigestHasher
androidx.core.graphics.drawable.IconCompat:
    public static androidx.core.graphics.drawable.IconCompat createWithResource(android.content.Context,int)
    public static androidx.core.graphics.drawable.IconCompat createWithResource(android.content.res.Resources,java.lang.String,int)
    public static androidx.core.graphics.drawable.IconCompat createWithBitmap(android.graphics.Bitmap)
    public static androidx.core.graphics.drawable.IconCompat createWithAdaptiveBitmap(android.graphics.Bitmap)
    public static androidx.core.graphics.drawable.IconCompat createWithData(byte[],int,int)
    public static androidx.core.graphics.drawable.IconCompat createWithContentUri(java.lang.String)
    public static androidx.core.graphics.drawable.IconCompat createWithContentUri(android.net.Uri)
    private void <init>(int)
    private android.graphics.drawable.Drawable loadDrawableInner(android.content.Context)
    private static android.content.res.Resources getResources(android.content.Context,java.lang.String)
    public static androidx.core.graphics.drawable.IconCompat createFromBundle(android.os.Bundle)
    public static androidx.core.graphics.drawable.IconCompat createFromIcon(android.content.Context,android.graphics.drawable.Icon)
    public static androidx.core.graphics.drawable.IconCompat createFromIcon(android.graphics.drawable.Icon)
    private static int getType(android.graphics.drawable.Icon)
    private static android.net.Uri getUri(android.graphics.drawable.Icon)
com.google.common.util.concurrent.TrustedListenableFutureTask$TrustedFutureInterruptibleAsyncTask
androidx.core.content.res.GradientColorInflaterCompat